<?xml version="1.0" encoding="utf-8"?>
<test-run id="2" testcasecount="1" result="Passed" total="1" passed="1" failed="0" inconclusive="0" skipped="0" asserts="0" engine-version="3.5.0.0" clr-version="4.0.30319.42000" start-time="2026-09-08 06:22:16Z" end-time="2026-09-08 06:22:16Z" duration="0.2539138">
  <test-suite type="TestSuite" id="1283" name="unity" fullname="unity" runstate="Runnable" testcasecount="227" result="Passed" start-time="2026-09-08 06:22:16Z" end-time="2026-09-08 06:22:16Z" duration="0.253914" total="1" passed="1" failed="0" inconclusive="0" skipped="0" asserts="0">
    <properties>
      <property name="platform" value="PlayMode" />
    </properties>
    <test-suite type="Assembly" id="1265" name="Adapter.Unity.Tests.Runtime.dll" fullname="C:/Users/1/.codex/visualizations/2026/09/07/01a07bfd-c935-7323-9a34-6eae278d83b6/audit-3224ca1-20260908/unity_probe/adapters/unity/Library/ScriptAssemblies/Adapter.Unity.Tests.Runtime.dll" runstate="Runnable" testcasecount="223" result="Passed" start-time="2026-09-08 06:22:16Z" end-time="2026-09-08 06:22:16Z" duration="0.248097" total="1" passed="1" failed="0" inconclusive="0" skipped="0" asserts="0">
      <properties>
        <property name="_PID" value="43092" />
        <property name="_APPDOMAIN" value="Unity Child Domain" />
        <property name="platform" value="PlayMode" />
        <property name="EditorOnly" value="False" />
      </properties>
      <test-suite type="TestSuite" id="1266" name="Adapter" fullname="Adapter" runstate="Runnable" testcasecount="223" result="Passed" start-time="2026-09-08 06:22:16Z" end-time="2026-09-08 06:22:16Z" duration="0.247202" total="1" passed="1" failed="0" inconclusive="0" skipped="0" asserts="0">
        <properties />
        <test-suite type="TestSuite" id="1267" name="Unity" fullname="Adapter.Unity" runstate="Runnable" testcasecount="223" result="Passed" start-time="2026-09-08 06:22:16Z" end-time="2026-09-08 06:22:16Z" duration="0.246518" total="1" passed="1" failed="0" inconclusive="0" skipped="0" asserts="0">
          <properties />
          <test-suite type="TestSuite" id="1268" name="Tests" fullname="Adapter.Unity.Tests" runstate="Runnable" testcasecount="223" result="Passed" start-time="2026-09-08 06:22:16Z" end-time="2026-09-08 06:22:16Z" duration="0.245701" total="1" passed="1" failed="0" inconclusive="0" skipped="0" asserts="0">
            <properties />
            <test-suite type="SetUpFixture" id="1100" name="Runtime" fullname="Adapter.Unity.Tests.Runtime.GlobalPlayModeTestSetup" classname="Adapter.Unity.Tests.Runtime.GlobalPlayModeTestSetup" runstate="Runnable" testcasecount="223" result="Passed" start-time="2026-09-08 06:22:16Z" end-time="2026-09-08 06:22:16Z" duration="0.244693" total="1" passed="1" failed="0" inconclusive="0" skipped="0" asserts="0">
              <properties />
              <output><![CDATA[[GlobalPlayModeTestSetup] 已把用户数据根重定向到测试专属目录：C:/Users/1/AppData/LocalLow/DefaultCompany/unity\_playmode_tests（预清理存档子目录=C:/Users/1/AppData/LocalLow/DefaultCompany/unity\_playmode_tests\saves，删除文件数=0），真实存档目录未被触碰。
]]></output>
              <test-suite type="TestFixture" id="1122" name="ModelViewTests" fullname="Adapter.Unity.Tests.Runtime.ModelViewTests" classname="Adapter.Unity.Tests.Runtime.ModelViewTests" runstate="Runnable" testcasecount="11" result="Passed" start-time="2026-09-08 06:22:16Z" end-time="2026-09-08 06:22:16Z" duration="0.238607" total="1" passed="1" failed="0" inconclusive="0" skipped="0" asserts="0">
                <properties />
                <test-case id="1133" name="PlayAutoExitClip_AnimatorTransitionsBeforeDetectionFrame_StillRaisesFinishedExactlyOnce" fullname="Adapter.Unity.Tests.Runtime.ModelViewTests.PlayAutoExitClip_AnimatorTransitionsBeforeDetectionFrame_StillRaisesFinishedExactlyOnce" methodname="PlayAutoExitClip_AnimatorTransitionsBeforeDetectionFrame_StillRaisesFinishedExactlyOnce" classname="Adapter.Unity.Tests.Runtime.ModelViewTests" runstate="Runnable" seed="1111874771" result="Passed" start-time="2026-09-08 06:22:16Z" end-time="2026-09-08 06:22:16Z" duration="0.232874" asserts="0">
                  <properties>
                    <property name="_JOINTYPE" value="UnityCombinatorial" />
                    <property name="retryIteration" value="0" />
                    <property name="repeatIteration" value="0" />
                  </properties>
                  <output><![CDATA[There are no audio listeners in the scene. Please ensure there is always one audio listener in the scene
[GlobalPlayModeTestSetup] 已恢复用户数据根覆盖为 null，已清理测试专属目录：C:/Users/1/AppData/LocalLow/DefaultCompany/unity\_playmode_tests
Saving results to: C:/Users/1/AppData/LocalLow/DefaultCompany/unity\TestResults.xml
]]></output>
                </test-case>
              </test-suite>
            </test-suite>
          </test-suite>
        </test-suite>
      </test-suite>
    </test-suite>
  </test-suite>
</test-run>