<?xml version="1.0" encoding="utf-8"?>
<test-run id="2" testcasecount="1" result="Passed" total="1" passed="1" failed="0" inconclusive="0" skipped="0" asserts="0" engine-version="3.5.0.0" clr-version="4.0.30319.42000" start-time="2026-09-08 06:27:44Z" end-time="2026-09-08 06:27:45Z" duration="0.0615643">
  <test-suite type="TestSuite" id="1285" name="unity" fullname="unity" runstate="Runnable" testcasecount="229" result="Passed" start-time="2026-09-08 06:27:44Z" end-time="2026-09-08 06:27:45Z" duration="0.061564" total="1" passed="1" failed="0" inconclusive="0" skipped="0" asserts="0">
    <properties>
      <property name="platform" value="PlayMode" />
    </properties>
    <test-suite type="Assembly" id="1267" name="Adapter.Unity.Tests.Runtime.dll" fullname="C:/Users/1/.codex/visualizations/2026/09/07/01a07bfd-c935-7323-9a34-6eae278d83b6/audit-3224ca1-20260908/unity_probe/adapters/unity/Library/ScriptAssemblies/Adapter.Unity.Tests.Runtime.dll" runstate="Runnable" testcasecount="225" result="Passed" start-time="2026-09-08 06:27:44Z" end-time="2026-09-08 06:27:45Z" duration="0.055887" total="1" passed="1" failed="0" inconclusive="0" skipped="0" asserts="0">
      <properties>
        <property name="_PID" value="43452" />
        <property name="_APPDOMAIN" value="Unity Child Domain" />
        <property name="platform" value="PlayMode" />
        <property name="EditorOnly" value="False" />
      </properties>
      <test-suite type="TestSuite" id="1268" name="Adapter" fullname="Adapter" runstate="Runnable" testcasecount="225" result="Passed" start-time="2026-09-08 06:27:44Z" end-time="2026-09-08 06:27:45Z" duration="0.054900" total="1" passed="1" failed="0" inconclusive="0" skipped="0" asserts="0">
        <properties />
        <test-suite type="TestSuite" id="1269" name="Unity" fullname="Adapter.Unity" runstate="Runnable" testcasecount="225" result="Passed" start-time="2026-09-08 06:27:44Z" end-time="2026-09-08 06:27:45Z" duration="0.054048" total="1" passed="1" failed="0" inconclusive="0" skipped="0" asserts="0">
          <properties />
          <test-suite type="TestSuite" id="1270" name="Tests" fullname="Adapter.Unity.Tests" runstate="Runnable" testcasecount="225" result="Passed" start-time="2026-09-08 06:27:44Z" end-time="2026-09-08 06:27:45Z" duration="0.053226" total="1" passed="1" failed="0" inconclusive="0" skipped="0" asserts="0">
            <properties />
            <test-suite type="SetUpFixture" id="1100" name="Runtime" fullname="Adapter.Unity.Tests.Runtime.GlobalPlayModeTestSetup" classname="Adapter.Unity.Tests.Runtime.GlobalPlayModeTestSetup" runstate="Runnable" testcasecount="225" result="Passed" start-time="2026-09-08 06:27:44Z" end-time="2026-09-08 06:27:45Z" duration="0.052070" total="1" passed="1" failed="0" inconclusive="0" skipped="0" asserts="0">
              <properties />
              <output><![CDATA[[GlobalPlayModeTestSetup] 已把用户数据根重定向到测试专属目录：C:/Users/1/AppData/LocalLow/DefaultCompany/unity\_playmode_tests（预清理存档子目录=C:/Users/1/AppData/LocalLow/DefaultCompany/unity\_playmode_tests\saves，删除文件数=0），真实存档目录未被触碰。
]]></output>
              <test-suite type="TestFixture" id="1134" name="PresentationAudit150Tests" fullname="Adapter.Unity.Tests.Runtime.PresentationAudit150Tests" classname="Adapter.Unity.Tests.Runtime.PresentationAudit150Tests" runstate="Runnable" testcasecount="4" result="Passed" start-time="2026-09-08 06:27:44Z" end-time="2026-09-08 06:27:45Z" duration="0.046060" total="1" passed="1" failed="0" inconclusive="0" skipped="0" asserts="0">
                <properties />
                <test-case id="1138" name="AnimatorAutoExit_BeforeFirstRendererTick_RecordsFinishedAfterIdle" fullname="Adapter.Unity.Tests.Runtime.PresentationAudit150Tests.AnimatorAutoExit_BeforeFirstRendererTick_RecordsFinishedAfterIdle" methodname="AnimatorAutoExit_BeforeFirstRendererTick_RecordsFinishedAfterIdle" classname="Adapter.Unity.Tests.Runtime.PresentationAudit150Tests" runstate="Runnable" seed="1829294487" result="Passed" start-time="2026-09-08 06:27:44Z" end-time="2026-09-08 06:27:45Z" duration="0.040471" asserts="0">
                  <properties>
                    <property name="retryIteration" value="0" />
                    <property name="repeatIteration" value="0" />
                  </properties>
                  <output><![CDATA[PRESENTATION150 animator_before_first_tick expected_idle=true actual_states=idle->test_autoexit->idle->idle received_before_tick=0 received_after_first_tick=0 received_after_second_tick=0
[GlobalPlayModeTestSetup] 已恢复用户数据根覆盖为 null，已清理测试专属目录：C:/Users/1/AppData/LocalLow/DefaultCompany/unity\_playmode_tests
Saving results to: C:/Users/1/AppData/LocalLow/DefaultCompany/unity\TestResults.xml
]]></output>
                </test-case>
              </test-suite>
            </test-suite>
          </test-suite>
        </test-suite>
      </test-suite>
    </test-suite>
  </test-suite>
</test-run>